This file contains any messages produced by compilers while
running configure, to aid debugging if configure makes a mistake.

It was created by pjproject aconfigure 2.x, which was
generated by GNU Autoconf 2.69.  Invocation command line was

  $ ./aconfigure --host=x86_64-apple-darwin --disable-sdl --with-ssl=/Users/eastwindkurnosov/Documents/GitHub/pjsip-ios/build/openssl

## --------- ##
## Platform. ##
## --------- ##

hostname = Mac-mini-EastwindKurnosov.local
uname -m = x86_64
uname -r = 19.0.0
uname -s = Darwin
uname -v = Darwin Kernel Version 19.0.0: Wed Sep 25 20:18:50 PDT 2019; root:xnu-6153.11.26~2/RELEASE_X86_64

/usr/bin/uname -p = i386
/bin/uname -X     = unknown

/bin/arch              = unknown
/usr/bin/arch -k       = unknown
/usr/convex/getsysinfo = unknown
/usr/bin/hostinfo      = Mach kernel version:
	 Darwin Kernel Version 19.0.0: Wed Sep 25 20:18:50 PDT 2019; root:xnu-6153.11.26~2/RELEASE_X86_64
Kernel configured for up to 4 processors.
4 processors are physically available.
4 processors are logically available.
Processor type: x86_64h (Intel x86-64h Haswell)
Processors active: 0 1 2 3
Primary memory available: 8.00 gigabytes
Default processor set: 365 tasks, 1788 threads, 4 processors
Load average: 5.04, Mach factor: 0.86
/bin/machine           = unknown
/usr/bin/oslevel       = unknown
/bin/universe          = unknown

PATH: /usr/local/bin
PATH: /usr/bin
PATH: /bin
PATH: /usr/sbin
PATH: /sbin
PATH: /Library/Apple/usr/bin
PATH: /Library/Apple/bin


## ----------- ##
## Core tests. ##
## ----------- ##

aconfigure:2487: checking build system type
aconfigure:2501: result: x86_64-apple-darwin19.0.0
aconfigure:2521: checking host system type
aconfigure:2534: result: x86_64-apple-darwin
aconfigure:2554: checking target system type
aconfigure:2567: result: x86_64-apple-darwin
aconfigure:2611: checking for x86_64-apple-darwin-gcc
aconfigure:2638: result: /Applications/Xcode.app/Contents/Developer/Platforms/MacOSX.platform/Developer/../../../Toolchains/XcodeDefault.xctoolchain/usr/bin/clang
aconfigure:2907: checking for C compiler version
aconfigure:2916: /Applications/Xcode.app/Contents/Developer/Platforms/MacOSX.platform/Developer/../../../Toolchains/XcodeDefault.xctoolchain/usr/bin/clang --version >&5
Apple clang version 11.0.0 (clang-1100.0.33.8)
Target: x86_64-apple-darwin19.0.0
Thread model: posix
InstalledDir: /Applications/Xcode.app/Contents/Developer/Platforms/MacOSX.platform/Developer/../../../Toolchains/XcodeDefault.xctoolchain/usr/bin
aconfigure:2927: $? = 0
aconfigure:2916: /Applications/Xcode.app/Contents/Developer/Platforms/MacOSX.platform/Developer/../../../Toolchains/XcodeDefault.xctoolchain/usr/bin/clang -v >&5
Apple clang version 11.0.0 (clang-1100.0.33.8)
Target: x86_64-apple-darwin19.0.0
Thread model: posix
InstalledDir: /Applications/Xcode.app/Contents/Developer/Platforms/MacOSX.platform/Developer/../../../Toolchains/XcodeDefault.xctoolchain/usr/bin
aconfigure:2927: $? = 0
aconfigure:2916: /Applications/Xcode.app/Contents/Developer/Platforms/MacOSX.platform/Developer/../../../Toolchains/XcodeDefault.xctoolchain/usr/bin/clang -V >&5
clang: error: unsupported option '-V -Wno-framework-include-private-from-public'
clang: error: no input files
aconfigure:2927: $? = 1
aconfigure:2916: /Applications/Xcode.app/Contents/Developer/Platforms/MacOSX.platform/Developer/../../../Toolchains/XcodeDefault.xctoolchain/usr/bin/clang -qversion >&5
clang: error: unknown argument '-qversion', did you mean '--version'?
clang: error: no input files
aconfigure:2927: $? = 1
aconfigure:2947: checking whether the C compiler works
aconfigure:2969: /Applications/Xcode.app/Contents/Developer/Platforms/MacOSX.platform/Developer/../../../Toolchains/XcodeDefault.xctoolchain/usr/bin/clang -I/Users/eastwindkurnosov/Documents/GitHub/pjsip-ios/build/openssl/include -O2  -miphoneos-version-min=13.0 -DPJ_SDK_NAME="\"MacOSX10.15.sdk\"" -arch x86_64 -target x86_64-apple-ios13.0-macabi -isysroot /Applications/Xcode.app/Contents/Developer/Platforms/MacOSX.platform/Developer/SDKs/MacOSX10.15.sdk  -L/Users/eastwindkurnosov/Documents/GitHub/pjsip-ios/build/openssl/lib -O2  -miphoneos-version-min=13.0 -arch x86_64 -target x86_64-apple-ios13.0-macabi -isysroot /Applications/Xcode.app/Contents/Developer/Platforms/MacOSX.platform/Developer/SDKs/MacOSX10.15.sdk -framework AudioToolbox -framework Foundation -framework UIKit conftest.c  >&5
ld: framework not found UIKit
clang: error: linker command failed with exit code 1 (use -v to see invocation)
aconfigure:2973: $? = 1
aconfigure:3011: result: no
aconfigure: failed program was:
| /* confdefs.h */
| #define PACKAGE_NAME "pjproject"
| #define PACKAGE_TARNAME "pjproject"
| #define PACKAGE_VERSION "2.x"
| #define PACKAGE_STRING "pjproject 2.x"
| #define PACKAGE_BUGREPORT ""
| #define PACKAGE_URL ""
| /* end confdefs.h.  */
| 
| int
| main ()
| {
| 
|   ;
|   return 0;
| }
aconfigure:3016: error: in `/Users/eastwindkurnosov/Documents/GitHub/pjsip-ios/build/pjproject-2.7.1':
aconfigure:3018: error: C compiler cannot create executables
See `config.log' for more details

## ---------------- ##
## Cache variables. ##
## ---------------- ##

ac_cv_build=x86_64-apple-darwin19.0.0
ac_cv_env_CCC_set=
ac_cv_env_CCC_value=
ac_cv_env_CC_set=set
ac_cv_env_CC_value=/Applications/Xcode.app/Contents/Developer/Platforms/MacOSX.platform/Developer/../../../Toolchains/XcodeDefault.xctoolchain/usr/bin/clang
ac_cv_env_CFLAGS_set=set
ac_cv_env_CFLAGS_value='-I/Users/eastwindkurnosov/Documents/GitHub/pjsip-ios/build/openssl/include -O2  -miphoneos-version-min=13.0 -DPJ_SDK_NAME="\"MacOSX10.15.sdk\"" -arch x86_64 -target x86_64-apple-ios13.0-macabi -isysroot /Applications/Xcode.app/Contents/Developer/Platforms/MacOSX.platform/Developer/SDKs/MacOSX10.15.sdk'
ac_cv_env_CPPFLAGS_set=
ac_cv_env_CPPFLAGS_value=
ac_cv_env_CPP_set=set
ac_cv_env_CPP_value='/Applications/Xcode.app/Contents/Developer/Platforms/MacOSX.platform/Developer/../../../Toolchains/XcodeDefault.xctoolchain/usr/bin/clang -arch x86_64 -target x86_64-apple-ios13.0-macabi -E -isysroot /Applications/Xcode.app/Contents/Developer/Platforms/MacOSX.platform/Developer/SDKs/MacOSX10.15.sdk'
ac_cv_env_CXXFLAGS_set=
ac_cv_env_CXXFLAGS_value=
ac_cv_env_CXX_set=set
ac_cv_env_CXX_value=/Applications/Xcode.app/Contents/Developer/Platforms/MacOSX.platform/Developer/../../../Toolchains/XcodeDefault.xctoolchain/usr/bin/clang
ac_cv_env_LDFLAGS_set=set
ac_cv_env_LDFLAGS_value='-L/Users/eastwindkurnosov/Documents/GitHub/pjsip-ios/build/openssl/lib -O2  -miphoneos-version-min=13.0 -arch x86_64 -target x86_64-apple-ios13.0-macabi -isysroot /Applications/Xcode.app/Contents/Developer/Platforms/MacOSX.platform/Developer/SDKs/MacOSX10.15.sdk -framework AudioToolbox -framework Foundation -framework UIKit'
ac_cv_env_LIBS_set=
ac_cv_env_LIBS_value=
ac_cv_env_build_alias_set=
ac_cv_env_build_alias_value=
ac_cv_env_host_alias_set=set
ac_cv_env_host_alias_value=x86_64-apple-darwin
ac_cv_env_target_alias_set=
ac_cv_env_target_alias_value=
ac_cv_host=x86_64-apple-darwin
ac_cv_prog_CC=/Applications/Xcode.app/Contents/Developer/Platforms/MacOSX.platform/Developer/../../../Toolchains/XcodeDefault.xctoolchain/usr/bin/clang
ac_cv_target=x86_64-apple-darwin

## ----------------- ##
## Output variables. ##
## ----------------- ##

AR='/Applications/Xcode.app/Contents/Developer/Platforms/MacOSX.platform/Developer/../../../Toolchains/XcodeDefault.xctoolchain/usr/bin/libtool -static -o'
AR_FLAGS=' '
CC='/Applications/Xcode.app/Contents/Developer/Platforms/MacOSX.platform/Developer/../../../Toolchains/XcodeDefault.xctoolchain/usr/bin/clang'
CC_CFLAGS=''
CC_DEF=''
CC_INC=''
CC_OPTIMIZE=''
CC_OUT=''
CFLAGS='-I/Users/eastwindkurnosov/Documents/GitHub/pjsip-ios/build/openssl/include -O2  -miphoneos-version-min=13.0 -DPJ_SDK_NAME="\"MacOSX10.15.sdk\"" -arch x86_64 -target x86_64-apple-ios13.0-macabi -isysroot /Applications/Xcode.app/Contents/Developer/Platforms/MacOSX.platform/Developer/SDKs/MacOSX10.15.sdk'
CPP='/Applications/Xcode.app/Contents/Developer/Platforms/MacOSX.platform/Developer/../../../Toolchains/XcodeDefault.xctoolchain/usr/bin/clang -arch x86_64 -target x86_64-apple-ios13.0-macabi -E -isysroot /Applications/Xcode.app/Contents/Developer/Platforms/MacOSX.platform/Developer/SDKs/MacOSX10.15.sdk'
CPPFLAGS=''
CXX='/Applications/Xcode.app/Contents/Developer/Platforms/MacOSX.platform/Developer/../../../Toolchains/XcodeDefault.xctoolchain/usr/bin/clang'
CXXFLAGS=''
DEFS=''
ECHO_C='\c'
ECHO_N=''
ECHO_T=''
EGREP=''
EXEEXT=''
GREP=''
LD=''
LDFLAGS='-L/Users/eastwindkurnosov/Documents/GitHub/pjsip-ios/build/openssl/lib -O2  -miphoneos-version-min=13.0 -arch x86_64 -target x86_64-apple-ios13.0-macabi -isysroot /Applications/Xcode.app/Contents/Developer/Platforms/MacOSX.platform/Developer/SDKs/MacOSX10.15.sdk -framework AudioToolbox -framework Foundation -framework UIKit'
LDOUT=''
LIBEXT2=''
LIBEXT=''
LIBOBJS=''
LIBS=''
LTLIBOBJS=''
OBJEXT=''
PACKAGE_BUGREPORT=''
PACKAGE_NAME='pjproject'
PACKAGE_STRING='pjproject 2.x'
PACKAGE_TARNAME='pjproject'
PACKAGE_URL=''
PACKAGE_VERSION='2.x'
PATH_SEPARATOR=':'
PKG_CONFIG=''
RANLIB='echo ranlib'
SAVED_PKG_CONFIG_PATH=''
SDL_CONFIG=''
SHELL='/bin/sh'
ac_android_cflags=''
ac_build_mak_vars=''
ac_cross_compile=''
ac_ct_AR=''
ac_ct_CC=''
ac_ct_CXX=''
ac_darwin_cflags=''
ac_external_gsm=''
ac_external_pa=''
ac_external_speex=''
ac_external_srtp=''
ac_external_srtp_lib=''
ac_external_webrtc=''
ac_external_yuv=''
ac_ffmpeg_cflags=''
ac_ffmpeg_ldflags=''
ac_has_ffmpeg=''
ac_host=''
ac_linux_poll=''
ac_main_obj=''
ac_no_bcg729=''
ac_no_g711_codec=''
ac_no_g7221_codec=''
ac_no_g722_codec=''
ac_no_gsm_codec=''
ac_no_ilbc_codec=''
ac_no_l16_codec=''
ac_no_large_filter=''
ac_no_opencore_amrnb=''
ac_no_opencore_amrwb=''
ac_no_opus=''
ac_no_silk=''
ac_no_small_filter=''
ac_no_speex_aec=''
ac_no_speex_codec=''
ac_no_ssl=''
ac_no_webrtc=''
ac_no_yuv=''
ac_openh264_cflags=''
ac_openh264_ldflags=''
ac_os_objs=''
ac_pa_cflags=''
ac_pa_use_alsa=''
ac_pa_use_oss=''
ac_pjdir=''
ac_pjmedia_audiodev_objs=''
ac_pjmedia_resample=''
ac_pjmedia_snd=''
ac_pjmedia_video=''
ac_pjmedia_video_has_android=''
ac_pjmedia_video_has_darwin=''
ac_pjmedia_video_has_ios_opengl=''
ac_pjmedia_video_has_qt=''
ac_pjmedia_video_has_vtoolbox=''
ac_qt_cflags=''
ac_resample_dll=''
ac_sdl_cflags=''
ac_sdl_ldflags=''
ac_shared_libraries=''
ac_shlib_suffix=''
ac_srtp_deinit_present=''
ac_srtp_shutdown_present=''
ac_ssl_has_aes_gcm=''
ac_v4l2_cflags=''
ac_v4l2_ldflags=''
ac_webrtc_cflags=''
ac_webrtc_instset=''
ac_webrtc_ldflags=''
bindir='${exec_prefix}/bin'
build='x86_64-apple-darwin19.0.0'
build_alias=''
build_cpu='x86_64'
build_os='darwin19.0.0'
build_vendor='apple'
datadir='${datarootdir}'
datarootdir='${prefix}/share'
docdir='${datarootdir}/doc/${PACKAGE_TARNAME}'
dvidir='${docdir}'
exec_prefix='NONE'
host='x86_64-apple-darwin'
host_alias='x86_64-apple-darwin'
host_cpu='x86_64'
host_os='darwin'
host_vendor='apple'
htmldir='${docdir}'
includedir='${prefix}/include'
infodir='${datarootdir}/info'
libcrypto_present=''
libdir='${exec_prefix}/lib'
libexecdir='${exec_prefix}/libexec'
libssl_present=''
localedir='${datarootdir}/locale'
localstatedir='${prefix}/var'
mandir='${datarootdir}/man'
oldincludedir='/usr/include'
opencore_amrnb_h_present=''
opencore_amrnb_present=''
opencore_amrwb_dec_h_present=''
opencore_amrwb_dec_present=''
opencore_amrwb_enc_h_present=''
opencore_amrwb_enc_present=''
openssl_h_present=''
opus_h_present=''
opus_present=''
pdfdir='${docdir}'
prefix='NONE'
program_transform_name='s,x,x,'
psdir='${docdir}'
runstatedir='${localstatedir}/run'
sbindir='${exec_prefix}/sbin'
sharedstatedir='${prefix}/com'
silk_h_present=''
silk_present=''
sysconfdir='${prefix}/etc'
target='x86_64-apple-darwin'
target_alias=''
target_cpu='x86_64'
target_os='darwin'
target_vendor='apple'

## ----------- ##
## confdefs.h. ##
## ----------- ##

/* confdefs.h */
#define PACKAGE_NAME "pjproject"
#define PACKAGE_TARNAME "pjproject"
#define PACKAGE_VERSION "2.x"
#define PACKAGE_STRING "pjproject 2.x"
#define PACKAGE_BUGREPORT ""
#define PACKAGE_URL ""

aconfigure: exit 77
